id,epoch,val_loss,val_acc,loss,acc
0x434b48638297d500,1,0.9188,0.7005,3.6635,0.6213
0x434b48638297d500,2,0.8766,0.6808,0.9771,0.6727
0x434b48638297d500,3,0.6935,0.7565,0.802,0.7011
0x434b48638297d500,4,0.5951,0.7786,0.727,0.721
0x434b48638297d500,5,0.5541,0.8036,0.6681,0.7434
0x434b48638297d500,6,0.587,0.7384,0.6533,0.7591
0x434b48638297d500,7,0.4967,0.8314,0.6034,0.7815
0x434b48638297d500,8,0.4765,0.836,0.5844,0.7923
0x434b48638297d500,9,0.4857,0.8218,0.5669,0.7998
0x434b48638297d500,10,0.4766,0.8324,0.5557,0.7997
0x53d68acfcf74596c,1,0.7485,0.7067,2.905,0.5549
0x53d68acfcf74596c,2,0.6945,0.7109,0.9396,0.6569
0x53d68acfcf74596c,3,0.6434,0.7414,0.8378,0.6746
0x53d68acfcf74596c,4,0.6292,0.7454,0.7781,0.6942
0x53d68acfcf74596c,5,0.605,0.7497,0.7439,0.7039
0x53d68acfcf74596c,6,0.5784,0.7436,0.735,0.7086
0x53d68acfcf74596c,7,0.5593,0.7613,0.722,0.7112
0x53d68acfcf74596c,8,0.5908,0.7536,0.7117,0.714
0x53d68acfcf74596c,9,0.5881,0.7433,0.7091,0.7131
0x53d68acfcf74596c,10,0.6192,0.7493,0.6942,0.7189
0x3306c52ead5d1d96,1,0.837,0.6799,2.6448,0.5797
0x3306c52ead5d1d96,2,0.8064,0.645,0.9992,0.6052
0x3306c52ead5d1d96,3,0.7085,0.7082,1.0162,0.6029
0x3306c52ead5d1d96,4,0.6717,0.7186,0.9769,0.6118
0x3306c52ead5d1d96,5,0.6823,0.7488,0.9511,0.6253
0x3306c52ead5d1d96,6,0.6533,0.7521,0.9338,0.6316
0x3306c52ead5d1d96,7,0.6639,0.7484,0.934,0.6362
0x3306c52ead5d1d96,8,0.674,0.7575,0.9241,0.6411
0x3306c52ead5d1d96,9,0.6556,0.7483,0.9171,0.6407
0x3306c52ead5d1d96,10,0.6707,0.7565,0.9576,0.6361
0x518a7239e3dae9ab,1,0.674,0.7536,2.5827,0.696
0x518a7239e3dae9ab,2,0.4807,0.8283,0.7103,0.771
0x518a7239e3dae9ab,3,0.4299,0.8484,0.5242,0.8129
0x518a7239e3dae9ab,4,0.4187,0.8521,0.4699,0.8304
0x518a7239e3dae9ab,5,0.4287,0.8454,0.4457,0.8399
0x518a7239e3dae9ab,6,0.4219,0.8541,0.4268,0.8463
0x518a7239e3dae9ab,7,0.3957,0.8534,0.4166,0.8506
0x518a7239e3dae9ab,8,0.429,0.8412,0.4079,0.8529
0x518a7239e3dae9ab,9,0.3874,0.8561,0.4071,0.8541
0x518a7239e3dae9ab,10,0.4324,0.8426,0.4006,0.857
0x6deb4ee3742f9ea8,1,1.2874,0.5672,6.7764,0.4502
0x6deb4ee3742f9ea8,2,1.1629,0.5732,1.3851,0.5116
0x6deb4ee3742f9ea8,3,0.9708,0.6758,1.2219,0.5398
0x6deb4ee3742f9ea8,4,0.8538,0.6906,1.0921,0.5956
0x6deb4ee3742f9ea8,5,0.825,0.6966,1.0151,0.6153
0x6deb4ee3742f9ea8,6,0.7813,0.7107,0.97,0.6269
0x6deb4ee3742f9ea8,7,0.7343,0.7217,0.9339,0.6404
0x6deb4ee3742f9ea8,8,0.7155,0.7224,0.8974,0.6564
0x6deb4ee3742f9ea8,9,0.6572,0.7636,0.8228,0.6858
0x6deb4ee3742f9ea8,10,0.6878,0.755,0.7802,0.7034
0x1252077e66d9f099,1,1.4444,0.4509,2.1701,0.4399
0x1252077e66d9f099,2,1.1219,0.5103,1.392,0.4752
0x1252077e66d9f099,3,0.9909,0.5779,1.1985,0.5147
0x1252077e66d9f099,4,0.8873,0.6296,1.0649,0.5653
0x1252077e66d9f099,5,0.8442,0.6406,1.0024,0.5778
0x1252077e66d9f099,6,0.8414,0.6554,0.9585,0.6045
0x1252077e66d9f099,7,0.7694,0.6721,0.9215,0.6238
0x1252077e66d9f099,8,0.7796,0.6704,0.9113,0.6241
0x1252077e66d9f099,9,0.7061,0.7131,0.8953,0.6313
0x1252077e66d9f099,10,0.6983,0.7237,0.858,0.6503
0x4e0f92c7979fbf5,1,0.8617,0.6759,2.3594,0.587
0x4e0f92c7979fbf5,2,0.6554,0.7313,0.8656,0.6699
0x4e0f92c7979fbf5,3,0.6076,0.7416,0.7571,0.6918
0x4e0f92c7979fbf5,4,0.6088,0.7434,0.7209,0.7045
0x4e0f92c7979fbf5,5,0.6096,0.7314,0.6958,0.7113
0x4e0f92c7979fbf5,6,0.586,0.7416,0.6781,0.7161
0x4e0f92c7979fbf5,7,0.5723,0.7618,0.669,0.7191
0x4e0f92c7979fbf5,8,0.6042,0.7334,0.6621,0.7239
0x4e0f92c7979fbf5,9,0.5975,0.7396,0.6891,0.722
0x4e0f92c7979fbf5,10,0.6166,0.7469,0.6831,0.7319
0x873d2ab490cb5e8,1,1.6444,0.3277,4.0803,0.2083
0x873d2ab490cb5e8,2,1.2171,0.4901,1.7323,0.3566
0x873d2ab490cb5e8,3,1.0576,0.5459,1.394,0.4592
0x873d2ab490cb5e8,4,1.0338,0.5474,1.2191,0.5067
0x873d2ab490cb5e8,5,1.0199,0.5571,1.1423,0.5247
0x873d2ab490cb5e8,6,0.8476,0.6295,1.0682,0.558
0x873d2ab490cb5e8,7,0.803,0.6496,0.9672,0.5967
0x873d2ab490cb5e8,8,0.6337,0.7332,0.8784,0.6402
0x873d2ab490cb5e8,9,0.5707,0.7668,0.737,0.7079
0x873d2ab490cb5e8,10,0.5461,0.7707,0.6687,0.7302
0x5449da27261283b8,1,0.7009,0.739,4.0752,0.6894
0x5449da27261283b8,2,0.5901,0.7921,0.6993,0.7524
0x5449da27261283b8,3,0.5807,0.7926,0.6625,0.7592
0x5449da27261283b8,4,0.5551,0.8011,0.6389,0.7641
0x5449da27261283b8,5,0.6443,0.7824,0.6818,0.7636
0x5449da27261283b8,6,0.5202,0.8214,0.6428,0.7719
0x5449da27261283b8,7,0.5297,0.8185,0.6459,0.778
0x5449da27261283b8,8,0.5359,0.8258,0.6241,0.7822
0x5449da27261283b8,9,0.5477,0.8171,0.6226,0.7835
0x5449da27261283b8,10,0.5585,0.8109,0.6307,0.783
0x5127949424b1b0d1,1,1.1722,0.5698,4.6134,0.486
0x5127949424b1b0d1,2,1.002,0.6121,1.3751,0.5264
0x5127949424b1b0d1,3,0.7719,0.6943,1.1836,0.5719
0x5127949424b1b0d1,4,0.6872,0.7384,0.946,0.6441
0x5127949424b1b0d1,5,0.6472,0.7265,0.8572,0.6695
0x5127949424b1b0d1,6,0.6473,0.7416,0.8077,0.6805
0x5127949424b1b0d1,7,0.6193,0.7454,0.7724,0.6914
0x5127949424b1b0d1,8,0.6512,0.7413,0.7436,0.698
0x5127949424b1b0d1,9,0.594,0.7449,0.7226,0.7029
0x5127949424b1b0d1,10,0.5964,0.7539,0.7246,0.7054
0x526d2d0fa6291cb0,1,0.9462,0.6144,2.4598,0.5474
0x526d2d0fa6291cb0,2,0.8126,0.695,1.0124,0.6138
0x526d2d0fa6291cb0,3,0.6843,0.7215,0.9001,0.6548
0x526d2d0fa6291cb0,4,0.7551,0.7026,0.8863,0.6633
0x526d2d0fa6291cb0,5,0.7538,0.7091,0.8945,0.6672
0x526d2d0fa6291cb0,6,0.7384,0.7333,0.8484,0.6729
0x526d2d0fa6291cb0,7,0.7901,0.6896,0.9089,0.6629
0x526d2d0fa6291cb0,8,0.7603,0.6986,0.8747,0.6656
0x526d2d0fa6291cb0,9,0.8922,0.6731,0.8634,0.6658
0x526d2d0fa6291cb0,10,0.7363,0.7157,0.9194,0.657
0x5d6426be5e49f529,1,0.9506,0.6532,2.233,0.5516
0x5d6426be5e49f529,2,0.804,0.6414,0.9901,0.6403
0x5d6426be5e49f529,3,0.6646,0.7216,0.8129,0.6833
0x5d6426be5e49f529,4,0.607,0.7476,0.7594,0.6974
0x5d6426be5e49f529,5,0.6231,0.7331,0.7391,0.7052
0x5d6426be5e49f529,6,0.6041,0.7538,0.7042,0.7153
0x5d6426be5e49f529,7,0.6194,0.7431,0.7091,0.714
0x5d6426be5e49f529,8,0.5834,0.7569,0.6789,0.7221
0x5d6426be5e49f529,9,0.6055,0.7446,0.6757,0.7183
0x5d6426be5e49f529,10,0.6297,0.7379,0.6737,0.721
0x35d88c081162c00,1,1.3193,0.4988,2.1994,0.4496
0x35d88c081162c00,2,0.848,0.6354,1.1288,0.5575
0x35d88c081162c00,3,0.8589,0.6432,1.0507,0.5775
0x35d88c081162c00,4,0.821,0.649,0.9799,0.5987
0x35d88c081162c00,5,0.8144,0.6554,0.9533,0.6049
0x35d88c081162c00,6,0.8258,0.6406,0.966,0.6059
0x35d88c081162c00,7,0.8223,0.6564,0.9222,0.6141
0x35d88c081162c00,8,0.8009,0.6586,0.906,0.6185
0x35d88c081162c00,9,0.7849,0.6598,0.9189,0.6161
0x35d88c081162c00,10,0.7986,0.6664,0.8861,0.6239
0x6e3d705d49bf5d7f,1,1.648,0.3486,3.0275,0.2957
0x6e3d705d49bf5d7f,2,1.5395,0.3715,1.851,0.3198
0x6e3d705d49bf5d7f,3,1.3002,0.4382,1.5391,0.3904
0x6e3d705d49bf5d7f,4,1.3177,0.4519,1.398,0.4194
0x6e3d705d49bf5d7f,5,1.2641,0.4611,1.3706,0.4219
0x6e3d705d49bf5d7f,6,1.2198,0.4703,1.3447,0.4316
0x6e3d705d49bf5d7f,7,1.1315,0.5183,1.3189,0.4443
0x6e3d705d49bf5d7f,8,1.0994,0.5305,1.2465,0.4802
0x6e3d705d49bf5d7f,9,0.9506,0.6194,1.1976,0.5076
0x6e3d705d49bf5d7f,10,1.0387,0.5629,1.1507,0.531
0x6905776ad147ba14,1,0.7511,0.6834,2.9197,0.5909
0x6905776ad147ba14,2,0.8339,0.7044,1.1003,0.6214
0x6905776ad147ba14,3,0.8105,0.7075,1.1108,0.6109
0x6905776ad147ba14,4,0.9937,0.6341,1.1288,0.6064
0x6905776ad147ba14,5,1.0161,0.6031,1.1466,0.5891
0x6905776ad147ba14,6,0.8397,0.6921,1.2833,0.5535
0x6905776ad147ba14,7,1.0551,0.5851,1.2976,0.5426
0x6905776ad147ba14,8,0.9638,0.6237,1.3432,0.5252
0x6905776ad147ba14,9,0.8761,0.6301,1.24,0.5725
0x6905776ad147ba14,10,0.9093,0.6824,1.2111,0.5728
0x415afd9e6329cf55,1,0.5431,0.8029,2.1466,0.6996
0x415afd9e6329cf55,2,0.4974,0.8189,0.5827,0.796
0x415afd9e6329cf55,3,0.4189,0.8446,0.5124,0.8166
0x415afd9e6329cf55,4,0.4426,0.8481,0.4797,0.8264
0x415afd9e6329cf55,5,0.3984,0.8571,0.4593,0.8344
0x415afd9e6329cf55,6,0.4045,0.8554,0.4484,0.8397
0x415afd9e6329cf55,7,0.4334,0.8431,0.4323,0.844
0x415afd9e6329cf55,8,0.3915,0.8556,0.4206,0.8503
0x415afd9e6329cf55,9,0.3876,0.864,0.4186,0.8516
0x415afd9e6329cf55,10,0.4344,0.8526,0.4072,0.8541
0x418ebe6f1c286352,1,0.5115,0.8113,1.6449,0.7222
0x418ebe6f1c286352,2,0.487,0.8254,0.5829,0.7943
0x418ebe6f1c286352,3,0.4832,0.8291,0.5744,0.7995
0x418ebe6f1c286352,4,0.4907,0.8328,0.5778,0.8002
0x418ebe6f1c286352,5,0.5003,0.8163,0.5869,0.7991
0x418ebe6f1c286352,6,0.4946,0.8277,0.5661,0.8059
0x418ebe6f1c286352,7,0.4803,0.8327,0.545,0.8108
0x418ebe6f1c286352,8,0.5401,0.8098,0.5618,0.8059
0x418ebe6f1c286352,9,0.482,0.8289,0.5576,0.8098
0x418ebe6f1c286352,10,0.4868,0.8316,0.5581,0.8127
0x3e9c6099c8faeb67,1,0.8862,0.6258,2.2845,0.4834
0x3e9c6099c8faeb67,2,0.8303,0.6376,1.0349,0.5848
0x3e9c6099c8faeb67,3,0.8026,0.6525,0.9445,0.6092
0x3e9c6099c8faeb67,4,0.7723,0.6523,0.9089,0.6186
0x3e9c6099c8faeb67,5,0.7995,0.6565,0.8733,0.6297
0x3e9c6099c8faeb67,6,0.6824,0.7349,0.8561,0.647
0x3e9c6099c8faeb67,7,0.6442,0.7409,0.7922,0.6893
0x3e9c6099c8faeb67,8,0.6137,0.7391,0.7221,0.708
0x3e9c6099c8faeb67,9,0.6157,0.7428,0.7246,0.7115
0x3e9c6099c8faeb67,10,0.5943,0.7502,0.7048,0.7173
0x71603044d74eab39,1,0.884,0.7004,4.2267,0.6598
0x71603044d74eab39,2,0.6905,0.7466,0.7942,0.7109
0x71603044d74eab39,3,0.6322,0.7689,0.6907,0.7442
0x71603044d74eab39,4,0.5737,0.8094,0.6375,0.7669
0x71603044d74eab39,5,0.5261,0.8216,0.6002,0.787
0x71603044d74eab39,6,0.5499,0.7988,0.5744,0.7961
0x71603044d74eab39,7,0.514,0.8359,0.5794,0.7994
0x71603044d74eab39,8,0.5285,0.8271,0.559,0.8068
0x71603044d74eab39,9,0.5033,0.8344,0.5396,0.8106
0x71603044d74eab39,10,0.4825,0.8396,0.5411,0.8134
0x7edd93243220a025,1,0.6215,0.7722,2.4086,0.6142
0x7edd93243220a025,2,0.5359,0.8081,0.7205,0.743
0x7edd93243220a025,3,0.4974,0.8291,0.628,0.7782
0x7edd93243220a025,4,0.4946,0.8155,0.5843,0.7925
0x7edd93243220a025,5,0.4533,0.842,0.5612,0.8006
0x7edd93243220a025,6,0.4319,0.8481,0.5497,0.8057
0x7edd93243220a025,7,0.4425,0.8487,0.5549,0.8054
0x7edd93243220a025,8,0.427,0.846,0.5526,0.8049
0x7edd93243220a025,9,0.4751,0.8365,0.5507,0.8068
0x7edd93243220a025,10,0.4545,0.8508,0.553,0.8078
0x5005c7fb7f1ad46,1,0.5937,0.7656,1.9876,0.67
0x5005c7fb7f1ad46,2,0.548,0.8098,0.6527,0.7631
0x5005c7fb7f1ad46,3,0.4796,0.8229,0.6,0.7836
0x5005c7fb7f1ad46,4,0.5273,0.7772,0.5511,0.7984
0x5005c7fb7f1ad46,5,0.4328,0.8449,0.5313,0.8067
0x5005c7fb7f1ad46,6,0.4271,0.8466,0.5109,0.816
0x5005c7fb7f1ad46,7,0.4238,0.8571,0.5034,0.8196
0x5005c7fb7f1ad46,8,0.4581,0.8397,0.4961,0.8219
0x5005c7fb7f1ad46,9,0.4188,0.8615,0.5027,0.8215
0x5005c7fb7f1ad46,10,0.4404,0.8561,0.4931,0.8246
0x14862d75120a76a9,1,0.7303,0.707,1.9704,0.5963
0x14862d75120a76a9,2,0.6703,0.7202,0.8433,0.6762
0x14862d75120a76a9,3,0.5996,0.7656,0.7546,0.7169
0x14862d75120a76a9,4,0.5394,0.7938,0.6977,0.7338
0x14862d75120a76a9,5,0.5308,0.7959,0.6798,0.7426
0x14862d75120a76a9,6,0.5408,0.7906,0.6443,0.7565
0x14862d75120a76a9,7,0.5179,0.8064,0.6643,0.7519
0x14862d75120a76a9,8,0.5175,0.8085,0.6393,0.7595
0x14862d75120a76a9,9,0.5414,0.7931,0.6637,0.7544
0x14862d75120a76a9,10,0.5227,0.8016,0.6572,0.7572
0x20243d451f78849b,1,0.7096,0.7088,1.6546,0.6197
0x20243d451f78849b,2,0.6519,0.731,0.7761,0.6903
0x20243d451f78849b,3,0.6835,0.7165,0.7315,0.7044
0x20243d451f78849b,4,0.6069,0.742,0.6977,0.7174
0x20243d451f78849b,5,0.5739,0.7814,0.6998,0.7201
0x20243d451f78849b,6,0.6228,0.7339,0.6571,0.7408
0x20243d451f78849b,7,0.6265,0.7356,0.6555,0.7292
0x20243d451f78849b,8,0.5525,0.7966,0.6948,0.7411
0x20243d451f78849b,9,0.5256,0.8044,0.6336,0.7666
0x20243d451f78849b,10,0.5209,0.8106,0.6395,0.7639
0x7ba744d8b9382d2,1,0.8193,0.7275,5.9951,0.6672
0x7ba744d8b9382d2,2,0.6476,0.7651,0.794,0.7189
0x7ba744d8b9382d2,3,0.633,0.7747,0.6838,0.7564
0x7ba744d8b9382d2,4,0.5481,0.8227,0.611,0.7812
0x7ba744d8b9382d2,5,0.5141,0.8262,0.5775,0.7941
0x7ba744d8b9382d2,6,0.5277,0.8149,0.5681,0.7999
0x7ba744d8b9382d2,7,0.5202,0.8268,0.5756,0.7997
0x7ba744d8b9382d2,8,0.5255,0.8177,0.5606,0.8029
0x7ba744d8b9382d2,9,0.5157,0.8303,0.5834,0.7981
0x7ba744d8b9382d2,10,0.5185,0.8316,0.5605,0.8037
0x7c841f1bf7d7f939,1,0.8671,0.6791,2.1898,0.5764
0x7c841f1bf7d7f939,2,0.6777,0.7223,0.8586,0.6762
0x7c841f1bf7d7f939,3,0.6259,0.7373,0.7655,0.6982
0x7c841f1bf7d7f939,4,0.6091,0.7388,0.7166,0.7103
0x7c841f1bf7d7f939,5,0.5852,0.7391,0.7067,0.7117
0x7c841f1bf7d7f939,6,0.5728,0.7577,0.6636,0.7216
0x7c841f1bf7d7f939,7,0.5698,0.7553,0.6383,0.7333
0x7c841f1bf7d7f939,8,0.5634,0.7605,0.6211,0.7386
0x7c841f1bf7d7f939,9,0.5478,0.7474,0.6136,0.7424
0x7c841f1bf7d7f939,10,0.5686,0.7575,0.606,0.7436
0x4f12056a8c2db66f,1,1.5333,0.346,2.2333,0.2469
0x4f12056a8c2db66f,2,1.319,0.449,1.5323,0.3658
0x4f12056a8c2db66f,3,1.3053,0.4401,1.4231,0.4108
0x4f12056a8c2db66f,4,1.2685,0.4641,1.3998,0.4156
0x4f12056a8c2db66f,5,1.2394,0.4579,1.4002,0.42
0x4f12056a8c2db66f,6,1.3189,0.4514,1.3897,0.422
0x4f12056a8c2db66f,7,1.3186,0.4499,1.406,0.4183
0x4f12056a8c2db66f,8,1.2946,0.4391,1.4325,0.4098
0x4f12056a8c2db66f,9,1.2576,0.4532,1.4032,0.4158
0x4f12056a8c2db66f,10,1.2652,0.459,1.45,0.4114
0x321c6bd242d05444,1,0.7056,0.7146,2.6317,0.6521
0x321c6bd242d05444,2,0.7306,0.6849,0.8249,0.6814
0x321c6bd242d05444,3,1.0345,0.7448,0.8221,0.6969
0x321c6bd242d05444,4,0.6528,0.7641,0.8007,0.7023
0x321c6bd242d05444,5,0.7846,0.6678,0.8232,0.7025
0x321c6bd242d05444,6,0.6666,0.7587,0.8164,0.6988
0x321c6bd242d05444,7,0.7025,0.7717,0.8186,0.7061
0x321c6bd242d05444,8,0.6989,0.7607,0.8061,0.7132
0x321c6bd242d05444,9,0.6941,0.77,0.8042,0.7145
0x321c6bd242d05444,10,0.6901,0.7726,0.7903,0.7158
0x7a08faa3c31a51ee,1,0.6504,0.7478,1.8494,0.6328
0x7a08faa3c31a51ee,2,0.5641,0.7882,0.7011,0.7394
0x7a08faa3c31a51ee,3,0.5168,0.7909,0.598,0.7752
0x7a08faa3c31a51ee,4,0.4657,0.8285,0.5743,0.786
0x7a08faa3c31a51ee,5,0.462,0.8356,0.5281,0.8102
0x7a08faa3c31a51ee,6,0.4545,0.838,0.504,0.8199
0x7a08faa3c31a51ee,7,0.4177,0.8535,0.4952,0.8231
0x7a08faa3c31a51ee,8,0.4466,0.8382,0.4868,0.8232
0x7a08faa3c31a51ee,9,0.4428,0.8431,0.4832,0.8286
0x7a08faa3c31a51ee,10,0.4263,0.8464,0.4726,0.8279
0x334ee0f781f50d4a,1,1.9274,0.2635,3.1168,0.1937
0x334ee0f781f50d4a,2,1.5807,0.3557,1.8878,0.2696
0x334ee0f781f50d4a,3,1.5197,0.3443,1.6586,0.3218
0x334ee0f781f50d4a,4,1.4737,0.378,1.5649,0.3428
0x334ee0f781f50d4a,5,1.4562,0.3758,1.5376,0.351
0x334ee0f781f50d4a,6,1.2611,0.4702,1.4411,0.3964
0x334ee0f781f50d4a,7,1.2379,0.4657,1.3593,0.4244
0x334ee0f781f50d4a,8,1.2312,0.4684,1.3474,0.4284
0x334ee0f781f50d4a,9,1.2209,0.4679,1.3377,0.4331
0x334ee0f781f50d4a,10,1.1945,0.4714,1.3148,0.4386
0x74bcedf6967aa958,1,0.6991,0.7559,2.2298,0.6324
0x74bcedf6967aa958,2,0.5887,0.7897,0.7483,0.7426
0x74bcedf6967aa958,3,0.5509,0.7963,0.6439,0.7775
0x74bcedf6967aa958,4,0.5399,0.8037,0.6406,0.777
0x74bcedf6967aa958,5,0.5165,0.8075,0.5942,0.7838
0x74bcedf6967aa958,6,0.5302,0.8033,0.5974,0.783
0x74bcedf6967aa958,7,0.5193,0.8054,0.6272,0.7732
0x74bcedf6967aa958,8,0.5847,0.7866,0.5965,0.7829
0x74bcedf6967aa958,9,0.4965,0.8173,0.5681,0.7918
0x74bcedf6967aa958,10,0.504,0.8096,0.5493,0.7951
0x14fbfdaafd5253f7,1,0.6981,0.7021,1.8038,0.5916
0x14fbfdaafd5253f7,2,0.657,0.7251,0.8077,0.6861
0x14fbfdaafd5253f7,3,0.5766,0.7549,0.7225,0.7094
0x14fbfdaafd5253f7,4,0.5732,0.7574,0.6831,0.7202
0x14fbfdaafd5253f7,5,0.559,0.7614,0.6735,0.723
0x14fbfdaafd5253f7,6,0.6267,0.7556,0.7208,0.715
0x14fbfdaafd5253f7,7,0.5574,0.7515,0.679,0.7257
0x14fbfdaafd5253f7,8,0.5296,0.7689,0.6363,0.7441
0x14fbfdaafd5253f7,9,0.5286,0.7597,0.6063,0.7631
0x14fbfdaafd5253f7,10,0.4794,0.8186,0.5922,0.7711
0x3c0554bf47766ee8,1,0.8603,0.663,2.3177,0.5973
0x3c0554bf47766ee8,2,0.9322,0.6122,1.1068,0.6161
0x3c0554bf47766ee8,3,0.8119,0.6851,1.0011,0.6143
0x3c0554bf47766ee8,4,0.6441,0.73,0.8282,0.6752
0x3c0554bf47766ee8,5,0.6261,0.7432,0.7177,0.7022
0x3c0554bf47766ee8,6,0.6399,0.7278,0.6971,0.7109
0x3c0554bf47766ee8,7,0.6502,0.7264,0.6922,0.7099
0x3c0554bf47766ee8,8,0.6342,0.7329,0.7083,0.7079
0x3c0554bf47766ee8,9,0.608,0.7483,0.7167,0.706
0x3c0554bf47766ee8,10,0.595,0.7514,0.6976,0.7145
0x12b1e823c9a48664,1,1.2906,0.4455,2.5664,0.3092
0x12b1e823c9a48664,2,1.1727,0.4916,1.5027,0.4018
0x12b1e823c9a48664,3,1.0278,0.5693,1.2229,0.5032
0x12b1e823c9a48664,4,0.8695,0.6257,1.086,0.5599
0x12b1e823c9a48664,5,0.8342,0.654,1.0127,0.5828
0x12b1e823c9a48664,6,0.7845,0.6913,0.9771,0.6117
0x12b1e823c9a48664,7,0.7229,0.7168,0.949,0.6221
0x12b1e823c9a48664,8,0.7817,0.6857,0.9137,0.6273
0x12b1e823c9a48664,9,0.7535,0.7135,0.9187,0.6296
0x12b1e823c9a48664,10,0.6948,0.7396,0.9071,0.6306
0x4d1e12564a401a2a,1,0.7335,0.7391,3.6374,0.6748
0x4d1e12564a401a2a,2,0.6038,0.7649,0.7093,0.7417
0x4d1e12564a401a2a,3,0.6224,0.8021,0.6509,0.7647
0x4d1e12564a401a2a,4,0.5553,0.8173,0.6453,0.7676
0x4d1e12564a401a2a,5,0.5439,0.8197,0.6381,0.7728
0x4d1e12564a401a2a,6,0.6832,0.7986,0.6438,0.782
0x4d1e12564a401a2a,7,0.5575,0.8186,0.6156,0.7887
0x4d1e12564a401a2a,8,0.549,0.8145,0.6142,0.7879
0x4d1e12564a401a2a,9,0.5171,0.8383,0.6017,0.7918
0x4d1e12564a401a2a,10,0.6031,0.8238,0.6222,0.7902
0x65b6ba06b7b89697,1,0.7949,0.734,2.8509,0.5921
0x65b6ba06b7b89697,2,0.6227,0.7742,0.8341,0.7135
0x65b6ba06b7b89697,3,0.5475,0.7921,0.6884,0.7538
0x65b6ba06b7b89697,4,0.5173,0.8009,0.6168,0.7732
0x65b6ba06b7b89697,5,0.4911,0.8121,0.5753,0.7859
0x65b6ba06b7b89697,6,0.4739,0.8259,0.5418,0.7999
0x65b6ba06b7b89697,7,0.4614,0.8323,0.5249,0.8054
0x65b6ba06b7b89697,8,0.4335,0.8416,0.4988,0.8142
0x65b6ba06b7b89697,9,0.4339,0.8466,0.4898,0.8174
0x65b6ba06b7b89697,10,0.415,0.8516,0.477,0.8236
0x70d99c5f9efd526,1,0.7782,0.7222,6.0826,0.641
0x70d99c5f9efd526,2,0.6525,0.777,0.8852,0.6933
0x70d99c5f9efd526,3,0.7933,0.751,0.7729,0.7222
0x70d99c5f9efd526,4,0.5542,0.81,0.7324,0.7341
0x70d99c5f9efd526,5,0.5004,0.8284,0.6963,0.7459
0x70d99c5f9efd526,6,0.4954,0.8229,0.6786,0.7522
0x70d99c5f9efd526,7,0.5188,0.8319,0.6549,0.762
0x70d99c5f9efd526,8,0.507,0.8234,0.67,0.761
0x70d99c5f9efd526,9,0.5092,0.834,0.6591,0.7649
0x70d99c5f9efd526,10,0.5177,0.8256,0.688,0.7598
0x2a83f22652024436,1,0.8877,0.6306,2.1028,0.5164
0x2a83f22652024436,2,0.8775,0.6566,1.0124,0.6026
0x2a83f22652024436,3,0.7264,0.7131,0.9399,0.6367
0x2a83f22652024436,4,0.7157,0.7199,0.8992,0.6656
0x2a83f22652024436,5,0.6883,0.7296,0.8566,0.6745
0x2a83f22652024436,6,0.6813,0.7474,0.8324,0.6853
0x2a83f22652024436,7,0.7081,0.7381,0.8355,0.6839
0x2a83f22652024436,8,0.6585,0.7438,0.8382,0.6839
0x2a83f22652024436,9,0.7007,0.7231,0.8623,0.6801
0x2a83f22652024436,10,0.6525,0.7586,0.846,0.6879
0x22ccac6d83d6ebf1,1,1.6099,0.3977,3.5666,0.2928
0x22ccac6d83d6ebf1,2,1.1839,0.5399,1.7518,0.3808
0x22ccac6d83d6ebf1,3,0.982,0.6077,1.3703,0.4876
0x22ccac6d83d6ebf1,4,0.8935,0.6274,1.1881,0.5342
0x22ccac6d83d6ebf1,5,0.8726,0.6297,1.0686,0.5758
0x22ccac6d83d6ebf1,6,0.8002,0.6896,1.0186,0.5901
0x22ccac6d83d6ebf1,7,0.7189,0.6946,0.9541,0.6111
0x22ccac6d83d6ebf1,8,0.7054,0.7246,0.9251,0.6197
0x22ccac6d83d6ebf1,9,0.6764,0.7182,0.8953,0.6335
0x22ccac6d83d6ebf1,10,0.6839,0.7313,0.885,0.6366
