id,epoch,val_loss,val_acc,loss,acc
0x1e0b2a0ba923fac8,1,0.5972,0.7869,0.8608,0.7061
0x1e0b2a0ba923fac8,2,0.5673,0.7994,0.6528,0.7653
0x1e0b2a0ba923fac8,3,0.5507,0.8063,0.6234,0.7768
0x1e0b2a0ba923fac8,4,0.5467,0.8061,0.6089,0.7801
0x1e0b2a0ba923fac8,5,0.5417,0.8065,0.5992,0.7834
0x1e0b2a0ba923fac8,6,0.5315,0.8121,0.5985,0.7856
0x1e0b2a0ba923fac8,7,0.5294,0.8114,0.5916,0.7878
0x1e0b2a0ba923fac8,8,0.5261,0.8096,0.585,0.7902
0x1e0b2a0ba923fac8,9,0.5307,0.8076,0.5801,0.789
0x1e0b2a0ba923fac8,10,0.5199,0.8111,0.5768,0.7909
0x485e68878e0a1497,1,0.5756,0.7903,0.8133,0.7165
0x485e68878e0a1497,2,0.5371,0.8031,0.6011,0.7803
0x485e68878e0a1497,3,0.5241,0.8071,0.5684,0.7909
0x485e68878e0a1497,4,0.5097,0.8119,0.5542,0.7942
0x485e68878e0a1497,5,0.5076,0.8122,0.5436,0.7981
0x485e68878e0a1497,6,0.5005,0.8146,0.5352,0.8003
0x485e68878e0a1497,7,0.4991,0.8162,0.5295,0.8032
0x485e68878e0a1497,8,0.4935,0.8146,0.5249,0.8065
0x485e68878e0a1497,9,0.4907,0.818,0.521,0.807
0x485e68878e0a1497,10,0.4896,0.8185,0.515,0.8095
0x551fb9a5280316ec,1,0.5509,0.7964,0.742,0.7368
0x551fb9a5280316ec,2,0.543,0.7964,0.5956,0.7846
0x551fb9a5280316ec,3,0.5179,0.8084,0.568,0.79
0x551fb9a5280316ec,4,0.5072,0.8133,0.5582,0.7922
0x551fb9a5280316ec,5,0.5067,0.8131,0.5454,0.7985
0x551fb9a5280316ec,6,0.5088,0.8124,0.5417,0.7998
0x551fb9a5280316ec,7,0.4937,0.8175,0.5363,0.803
0x551fb9a5280316ec,8,0.4929,0.8164,0.5327,0.8029
0x551fb9a5280316ec,9,0.4955,0.8165,0.528,0.8042
0x551fb9a5280316ec,10,0.494,0.8157,0.525,0.805
0x1a82e31c3631c1fa,1,0.582,0.7959,0.8258,0.7247
0x1a82e31c3631c1fa,2,0.5468,0.8036,0.6127,0.7818
0x1a82e31c3631c1fa,3,0.5307,0.8069,0.5804,0.7888
0x1a82e31c3631c1fa,4,0.524,0.8083,0.5697,0.7922
0x1a82e31c3631c1fa,5,0.517,0.8114,0.5616,0.7945
0x1a82e31c3631c1fa,6,0.5099,0.812,0.5535,0.7975
0x1a82e31c3631c1fa,7,0.5073,0.8136,0.5462,0.8012
0x1a82e31c3631c1fa,8,0.5042,0.8138,0.5464,0.7982
0x1a82e31c3631c1fa,9,0.5034,0.8144,0.544,0.7995
0x1a82e31c3631c1fa,10,0.4981,0.8171,0.5383,0.8018
0x91a0066adf86dc9,1,0.6859,0.7778,1.0314,0.6874
0x91a0066adf86dc9,2,0.6018,0.7938,0.6632,0.7716
0x91a0066adf86dc9,3,0.5667,0.7996,0.6057,0.7876
0x91a0066adf86dc9,4,0.5473,0.8034,0.5755,0.7922
0x91a0066adf86dc9,5,0.5322,0.8096,0.5559,0.7989
0x91a0066adf86dc9,6,0.5205,0.811,0.541,0.8044
0x91a0066adf86dc9,7,0.5145,0.8122,0.5337,0.8059
0x91a0066adf86dc9,8,0.5079,0.815,0.5258,0.8073
0x91a0066adf86dc9,9,0.5015,0.8155,0.5197,0.8087
0x91a0066adf86dc9,10,0.4984,0.8166,0.5126,0.8112
0x7ef8fe1d331c59c,1,0.5765,0.7946,0.8358,0.7199
0x7ef8fe1d331c59c,2,0.5374,0.8071,0.6027,0.7793
0x7ef8fe1d331c59c,3,0.5278,0.805,0.5752,0.7896
0x7ef8fe1d331c59c,4,0.5163,0.8119,0.5593,0.7957
0x7ef8fe1d331c59c,5,0.5087,0.8133,0.5489,0.7987
0x7ef8fe1d331c59c,6,0.5051,0.8124,0.5428,0.7994
0x7ef8fe1d331c59c,7,0.5028,0.8151,0.5376,0.8014
0x7ef8fe1d331c59c,8,0.5017,0.8134,0.5307,0.8035
0x7ef8fe1d331c59c,9,0.4978,0.8154,0.5301,0.8039
0x7ef8fe1d331c59c,10,0.4953,0.8156,0.5266,0.804
0x438d3672bfd99879,1,0.7509,0.7402,1.3324,0.5041
0x438d3672bfd99879,2,0.6846,0.7296,0.9221,0.6508
0x438d3672bfd99879,3,0.6598,0.7568,0.8563,0.6778
0x438d3672bfd99879,4,0.6426,0.76,0.823,0.6888
0x438d3672bfd99879,5,0.62,0.7663,0.802,0.6995
0x438d3672bfd99879,6,0.6082,0.7759,0.7869,0.7071
0x438d3672bfd99879,7,0.5956,0.778,0.7694,0.7129
0x438d3672bfd99879,8,0.5917,0.7814,0.7665,0.7166
0x438d3672bfd99879,9,0.5861,0.7849,0.7567,0.7203
0x438d3672bfd99879,10,0.5845,0.7896,0.7538,0.7217
0x70d0c655373f831e,1,0.5984,0.7879,0.8516,0.7128
0x70d0c655373f831e,2,0.5659,0.7964,0.6572,0.766
0x70d0c655373f831e,3,0.5471,0.8011,0.6265,0.7764
0x70d0c655373f831e,4,0.541,0.8029,0.6095,0.7815
0x70d0c655373f831e,5,0.535,0.8077,0.6003,0.784
0x70d0c655373f831e,6,0.5285,0.8084,0.594,0.7856
0x70d0c655373f831e,7,0.5214,0.81,0.592,0.7863
0x70d0c655373f831e,8,0.5247,0.8109,0.5871,0.7889
0x70d0c655373f831e,9,0.5202,0.8096,0.5818,0.7905
0x70d0c655373f831e,10,0.5181,0.8102,0.5784,0.7898
0x69132606e3ab5900,1,0.5623,0.8006,0.8116,0.7153
0x69132606e3ab5900,2,0.5199,0.8095,0.5765,0.7879
0x69132606e3ab5900,3,0.4991,0.816,0.545,0.7994
0x69132606e3ab5900,4,0.4904,0.8189,0.5244,0.8064
0x69132606e3ab5900,5,0.4825,0.8215,0.5142,0.81
0x69132606e3ab5900,6,0.4849,0.8194,0.5045,0.8124
0x69132606e3ab5900,7,0.4728,0.8252,0.4989,0.8154
0x69132606e3ab5900,8,0.4769,0.8238,0.4943,0.8165
0x69132606e3ab5900,9,0.4765,0.8244,0.4903,0.8172
0x69132606e3ab5900,10,0.473,0.8242,0.4857,0.8209
0x4f912b6d0151ae9c,1,0.5675,0.8004,0.7563,0.7468
0x4f912b6d0151ae9c,2,0.5243,0.8105,0.5615,0.7972
0x4f912b6d0151ae9c,3,0.5091,0.8135,0.5325,0.8034
0x4f912b6d0151ae9c,4,0.4973,0.8159,0.5176,0.8074
0x4f912b6d0151ae9c,5,0.4889,0.8185,0.5067,0.8112
0x4f912b6d0151ae9c,6,0.4859,0.8199,0.5012,0.8136
0x4f912b6d0151ae9c,7,0.4824,0.8216,0.495,0.8156
0x4f912b6d0151ae9c,8,0.4786,0.8195,0.4904,0.8177
0x4f912b6d0151ae9c,9,0.4751,0.8219,0.4864,0.8178
0x4f912b6d0151ae9c,10,0.4743,0.8241,0.4826,0.8176
0x4f9ca94c3e0c0770,1,0.5964,0.7919,0.9204,0.6844
0x4f9ca94c3e0c0770,2,0.5444,0.8029,0.6338,0.7719
0x4f9ca94c3e0c0770,3,0.5224,0.8086,0.5903,0.7856
0x4f9ca94c3e0c0770,4,0.5108,0.8112,0.5671,0.7927
0x4f9ca94c3e0c0770,5,0.5024,0.814,0.5544,0.7973
0x4f9ca94c3e0c0770,6,0.4997,0.8146,0.5464,0.8005
0x4f9ca94c3e0c0770,7,0.4933,0.8173,0.5385,0.8015
0x4f9ca94c3e0c0770,8,0.4906,0.8165,0.534,0.8021
0x4f9ca94c3e0c0770,9,0.4857,0.8218,0.5295,0.8063
0x4f9ca94c3e0c0770,10,0.4828,0.8189,0.5227,0.8077
0x77b697d411ea3422,1,0.5575,0.8015,0.7903,0.7214
0x77b697d411ea3422,2,0.5339,0.8028,0.5932,0.7839
0x77b697d411ea3422,3,0.5192,0.8089,0.5647,0.7924
0x77b697d411ea3422,4,0.5063,0.8129,0.5525,0.7985
0x77b697d411ea3422,5,0.5041,0.8152,0.5425,0.8011
0x77b697d411ea3422,6,0.4994,0.8146,0.5367,0.8022
0x77b697d411ea3422,7,0.5003,0.8156,0.5336,0.8036
0x77b697d411ea3422,8,0.5014,0.8139,0.531,0.8037
0x77b697d411ea3422,9,0.494,0.8188,0.5298,0.8051
0x77b697d411ea3422,10,0.4925,0.8226,0.5264,0.8056
0x4dfc0bd311a36610,1,0.5998,0.7824,1.0269,0.6491
0x4dfc0bd311a36610,2,0.551,0.7964,0.6956,0.752
0x4dfc0bd311a36610,3,0.529,0.8035,0.6465,0.7685
0x4dfc0bd311a36610,4,0.5148,0.8105,0.6241,0.7772
0x4dfc0bd311a36610,5,0.5146,0.8104,0.609,0.7822
0x4dfc0bd311a36610,6,0.5065,0.8126,0.5975,0.7863
0x4dfc0bd311a36610,7,0.5008,0.8149,0.5872,0.789
0x4dfc0bd311a36610,8,0.5,0.8134,0.5817,0.7905
0x4dfc0bd311a36610,9,0.4942,0.8168,0.579,0.7931
0x4dfc0bd311a36610,10,0.4972,0.8131,0.5747,0.7932
0x7c4aef26b4ac1d46,1,0.6384,0.7808,0.9648,0.6896
0x7c4aef26b4ac1d46,2,0.5712,0.799,0.6496,0.7718
0x7c4aef26b4ac1d46,3,0.5449,0.8029,0.599,0.7838
0x7c4aef26b4ac1d46,4,0.5279,0.8082,0.5764,0.7936
0x7c4aef26b4ac1d46,5,0.5165,0.8127,0.5571,0.7968
0x7c4aef26b4ac1d46,6,0.5102,0.8136,0.5502,0.7997
0x7c4aef26b4ac1d46,7,0.5062,0.8132,0.5415,0.8017
0x7c4aef26b4ac1d46,8,0.5028,0.8158,0.5361,0.804
0x7c4aef26b4ac1d46,9,0.4963,0.8158,0.5302,0.8055
0x7c4aef26b4ac1d46,10,0.4953,0.8163,0.5255,0.8071
0x1733b8eb3bc23572,1,0.6138,0.7943,0.878,0.7182
0x1733b8eb3bc23572,2,0.5598,0.8004,0.6162,0.7797
0x1733b8eb3bc23572,3,0.5421,0.8014,0.5756,0.7904
0x1733b8eb3bc23572,4,0.5279,0.8076,0.5577,0.796
0x1733b8eb3bc23572,5,0.5181,0.8096,0.542,0.8013
0x1733b8eb3bc23572,6,0.5113,0.8139,0.5371,0.8018
0x1733b8eb3bc23572,7,0.5067,0.8155,0.5302,0.803
0x1733b8eb3bc23572,8,0.5071,0.815,0.5246,0.8066
0x1733b8eb3bc23572,9,0.5023,0.8179,0.521,0.8063
0x1733b8eb3bc23572,10,0.5001,0.8159,0.5172,0.8098
0x68ce3b9daab375e2,1,0.6102,0.783,1.0448,0.6428
0x68ce3b9daab375e2,2,0.5496,0.801,0.6693,0.7575
0x68ce3b9daab375e2,3,0.5269,0.8066,0.6154,0.7773
0x68ce3b9daab375e2,4,0.5115,0.8131,0.5881,0.7876
0x68ce3b9daab375e2,5,0.5066,0.8173,0.5698,0.7934
0x68ce3b9daab375e2,6,0.5003,0.8126,0.5589,0.7983
0x68ce3b9daab375e2,7,0.4932,0.8209,0.5476,0.8028
0x68ce3b9daab375e2,8,0.489,0.8208,0.5409,0.8041
0x68ce3b9daab375e2,9,0.4871,0.8246,0.5382,0.8044
0x68ce3b9daab375e2,10,0.4825,0.8218,0.5294,0.8088
0x11518ed73eef963b,1,0.6177,0.791,0.8706,0.7308
0x11518ed73eef963b,2,0.5613,0.8018,0.6074,0.7862
0x11518ed73eef963b,3,0.5329,0.8074,0.5631,0.7976
0x11518ed73eef963b,4,0.5194,0.8114,0.5415,0.8031
0x11518ed73eef963b,5,0.5077,0.8148,0.5288,0.8056
0x11518ed73eef963b,6,0.5039,0.8147,0.5195,0.8069
0x11518ed73eef963b,7,0.4971,0.8174,0.5109,0.8113
0x11518ed73eef963b,8,0.4913,0.8178,0.5072,0.8118
0x11518ed73eef963b,9,0.489,0.8209,0.5016,0.8142
0x11518ed73eef963b,10,0.4842,0.8221,0.497,0.8152
0x1fad2ba96020c5ae,1,0.5543,0.7986,0.7584,0.7312
0x1fad2ba96020c5ae,2,0.5316,0.8044,0.6018,0.7801
0x1fad2ba96020c5ae,3,0.525,0.8046,0.577,0.7892
0x1fad2ba96020c5ae,4,0.5131,0.8105,0.5581,0.7931
0x1fad2ba96020c5ae,5,0.5078,0.8151,0.5514,0.7958
0x1fad2ba96020c5ae,6,0.4994,0.8149,0.5473,0.7991
0x1fad2ba96020c5ae,7,0.5049,0.8121,0.5397,0.7999
0x1fad2ba96020c5ae,8,0.5022,0.8153,0.5373,0.801
0x1fad2ba96020c5ae,9,0.4982,0.8161,0.5329,0.804
0x1fad2ba96020c5ae,10,0.5013,0.8137,0.5312,0.8034
0x774ae2895c7a0da1,1,0.5129,0.8124,0.6381,0.7732
0x774ae2895c7a0da1,2,0.4933,0.8179,0.5222,0.8054
0x774ae2895c7a0da1,3,0.4788,0.8223,0.502,0.8129
0x774ae2895c7a0da1,4,0.4795,0.8191,0.4901,0.8175
0x774ae2895c7a0da1,5,0.4687,0.8251,0.4833,0.8194
0x774ae2895c7a0da1,6,0.474,0.8242,0.4759,0.8216
0x774ae2895c7a0da1,7,0.4645,0.8279,0.471,0.824
0x774ae2895c7a0da1,8,0.465,0.8306,0.4668,0.8235
0x774ae2895c7a0da1,9,0.4611,0.832,0.4658,0.8257
0x774ae2895c7a0da1,10,0.4576,0.832,0.4624,0.8262
0x20cacf6f633ed43d,1,0.5549,0.7999,0.8011,0.7197
0x20cacf6f633ed43d,2,0.522,0.8099,0.6165,0.7761
0x20cacf6f633ed43d,3,0.5081,0.8143,0.5854,0.7881
0x20cacf6f633ed43d,4,0.5056,0.8146,0.5713,0.7921
0x20cacf6f633ed43d,5,0.4956,0.8203,0.5606,0.7969
0x20cacf6f633ed43d,6,0.4928,0.8191,0.5544,0.7981
0x20cacf6f633ed43d,7,0.4918,0.8186,0.5486,0.8024
0x20cacf6f633ed43d,8,0.4924,0.8178,0.5455,0.8026
0x20cacf6f633ed43d,9,0.486,0.8219,0.5433,0.8028
0x20cacf6f633ed43d,10,0.4859,0.8238,0.5385,0.8048
0x4053994b6cca14c8,1,0.7122,0.7559,1.2712,0.5605
0x4053994b6cca14c8,2,0.622,0.773,0.8079,0.7062
0x4053994b6cca14c8,3,0.5925,0.7827,0.7382,0.7299
0x4053994b6cca14c8,4,0.5728,0.794,0.7026,0.742
0x4053994b6cca14c8,5,0.5622,0.7955,0.681,0.7498
0x4053994b6cca14c8,6,0.5532,0.8006,0.6666,0.7576
0x4053994b6cca14c8,7,0.5452,0.8043,0.6533,0.7601
0x4053994b6cca14c8,8,0.5437,0.8064,0.6437,0.7644
0x4053994b6cca14c8,9,0.535,0.8085,0.6353,0.7689
0x4053994b6cca14c8,10,0.5343,0.8078,0.6361,0.7653
0x562ddb5774b9c2df,1,0.5413,0.8038,0.7879,0.7199
0x562ddb5774b9c2df,2,0.5161,0.8069,0.5885,0.7846
0x562ddb5774b9c2df,3,0.5049,0.8136,0.56,0.7957
0x562ddb5774b9c2df,4,0.4947,0.8144,0.5447,0.8014
0x562ddb5774b9c2df,5,0.4912,0.8179,0.5358,0.8044
0x562ddb5774b9c2df,6,0.4823,0.8219,0.5284,0.8063
0x562ddb5774b9c2df,7,0.4809,0.8202,0.524,0.8082
0x562ddb5774b9c2df,8,0.4812,0.8206,0.52,0.8099
0x562ddb5774b9c2df,9,0.4769,0.8209,0.5126,0.8117
0x562ddb5774b9c2df,10,0.4761,0.8221,0.5112,0.8136
0x3a1f5c0f95373530,1,0.6212,0.7806,1.0208,0.6381
0x3a1f5c0f95373530,2,0.5839,0.7939,0.7396,0.7323
0x3a1f5c0f95373530,3,0.5629,0.7977,0.6873,0.7509
0x3a1f5c0f95373530,4,0.5546,0.799,0.6595,0.7619
0x3a1f5c0f95373530,5,0.5474,0.7994,0.6411,0.7669
0x3a1f5c0f95373530,6,0.5497,0.7984,0.6334,0.7704
0x3a1f5c0f95373530,7,0.5426,0.8022,0.6232,0.777
0x3a1f5c0f95373530,8,0.5329,0.8046,0.6203,0.7778
0x3a1f5c0f95373530,9,0.5314,0.8026,0.6108,0.7798
0x3a1f5c0f95373530,10,0.5261,0.8074,0.6045,0.7808
0x73a897bacb6ddd23,1,0.6111,0.7939,0.8254,0.7337
0x73a897bacb6ddd23,2,0.5673,0.8031,0.6096,0.7856
0x73a897bacb6ddd23,3,0.5496,0.8069,0.5784,0.7916
0x73a897bacb6ddd23,4,0.543,0.8027,0.5651,0.796
0x73a897bacb6ddd23,5,0.5316,0.8101,0.5546,0.7973
0x73a897bacb6ddd23,6,0.5261,0.8127,0.5475,0.8012
0x73a897bacb6ddd23,7,0.5237,0.8115,0.5418,0.8032
0x73a897bacb6ddd23,8,0.5187,0.8139,0.5392,0.8024
0x73a897bacb6ddd23,9,0.518,0.8127,0.5344,0.8039
0x73a897bacb6ddd23,10,0.5148,0.8132,0.5307,0.8053
0x3bbef638bbc27a21,1,0.5681,0.7979,0.8124,0.7357
0x3bbef638bbc27a21,2,0.5242,0.8075,0.5723,0.7896
0x3bbef638bbc27a21,3,0.5043,0.814,0.539,0.8007
0x3bbef638bbc27a21,4,0.4956,0.8163,0.5208,0.8054
0x3bbef638bbc27a21,5,0.4864,0.8199,0.5091,0.8107
0x3bbef638bbc27a21,6,0.4826,0.8202,0.5025,0.8124
0x3bbef638bbc27a21,7,0.4781,0.8225,0.4934,0.8154
0x3bbef638bbc27a21,8,0.4813,0.8209,0.4895,0.8158
0x3bbef638bbc27a21,9,0.4718,0.8247,0.4867,0.8188
0x3bbef638bbc27a21,10,0.4724,0.8255,0.4822,0.8199
0x4aa11b2dc364ec1a,1,0.7223,0.7536,1.3151,0.5521
0x4aa11b2dc364ec1a,2,0.6323,0.7748,0.8314,0.6993
0x4aa11b2dc364ec1a,3,0.5963,0.7801,0.7513,0.7242
0x4aa11b2dc364ec1a,4,0.5762,0.7916,0.7137,0.7375
0x4aa11b2dc364ec1a,5,0.5651,0.7952,0.6926,0.7454
0x4aa11b2dc364ec1a,6,0.5554,0.7965,0.6781,0.7501
0x4aa11b2dc364ec1a,7,0.5492,0.7985,0.6661,0.7552
0x4aa11b2dc364ec1a,8,0.5435,0.8024,0.6553,0.7591
0x4aa11b2dc364ec1a,9,0.5392,0.8025,0.6503,0.7597
0x4aa11b2dc364ec1a,10,0.5343,0.8049,0.644,0.7643
0x7d68905be7b4797c,1,0.5474,0.8015,0.7261,0.7462
0x7d68905be7b4797c,2,0.5219,0.8055,0.562,0.7921
0x7d68905be7b4797c,3,0.517,0.8086,0.539,0.7981
0x7d68905be7b4797c,4,0.5035,0.8136,0.5297,0.8025
0x7d68905be7b4797c,5,0.4913,0.8166,0.5223,0.8046
0x7d68905be7b4797c,6,0.4946,0.8147,0.5177,0.8063
0x7d68905be7b4797c,7,0.4898,0.8178,0.5104,0.8078
0x7d68905be7b4797c,8,0.4965,0.8132,0.5067,0.8103
0x7d68905be7b4797c,9,0.4902,0.8179,0.5017,0.8107
0x7d68905be7b4797c,10,0.4843,0.821,0.4999,0.814
0x3100b8e1389f48ed,1,0.5774,0.7927,0.8173,0.7266
0x3100b8e1389f48ed,2,0.5486,0.8008,0.636,0.7729
0x3100b8e1389f48ed,3,0.5326,0.8075,0.6075,0.7831
0x3100b8e1389f48ed,4,0.5232,0.8069,0.5952,0.7865
0x3100b8e1389f48ed,5,0.521,0.8131,0.5855,0.7903
0x3100b8e1389f48ed,6,0.5162,0.8104,0.5772,0.7929
0x3100b8e1389f48ed,7,0.5169,0.8099,0.574,0.7931
0x3100b8e1389f48ed,8,0.5129,0.8089,0.5709,0.7919
0x3100b8e1389f48ed,9,0.5056,0.8115,0.5689,0.7952
0x3100b8e1389f48ed,10,0.5107,0.8129,0.5644,0.798
0x76d9cb3db5950c9d,1,0.7591,0.7283,1.3159,0.5188
0x76d9cb3db5950c9d,2,0.6834,0.7314,0.9273,0.6537
0x76d9cb3db5950c9d,3,0.6507,0.7803,0.8639,0.6812
0x76d9cb3db5950c9d,4,0.6297,0.7813,0.8277,0.7015
0x76d9cb3db5950c9d,5,0.6169,0.7948,0.8045,0.7123
0x76d9cb3db5950c9d,6,0.6025,0.7924,0.787,0.7225
0x76d9cb3db5950c9d,7,0.5984,0.7987,0.7786,0.7286
0x76d9cb3db5950c9d,8,0.5897,0.8066,0.767,0.7328
0x76d9cb3db5950c9d,9,0.5843,0.8023,0.7577,0.7376
0x76d9cb3db5950c9d,10,0.5773,0.8081,0.7486,0.7413
0x5b7a037cc8068d18,1,0.7235,0.7169,1.196,0.5449
0x5b7a037cc8068d18,2,0.6179,0.7759,0.7949,0.7035
0x5b7a037cc8068d18,3,0.5722,0.7965,0.7184,0.7401
0x5b7a037cc8068d18,4,0.5564,0.7979,0.6823,0.7582
0x5b7a037cc8068d18,5,0.5463,0.8054,0.6652,0.7649
0x5b7a037cc8068d18,6,0.5435,0.8032,0.6433,0.7741
0x5b7a037cc8068d18,7,0.5378,0.8023,0.6358,0.7772
0x5b7a037cc8068d18,8,0.5276,0.8109,0.6284,0.7795
0x5b7a037cc8068d18,9,0.5226,0.8116,0.6197,0.7826
0x5b7a037cc8068d18,10,0.5265,0.8101,0.6154,0.7847
0x25dbe8eebd9bbc9a,1,0.5613,0.7874,0.7883,0.7136
0x25dbe8eebd9bbc9a,2,0.5306,0.8079,0.5919,0.7792
0x25dbe8eebd9bbc9a,3,0.5181,0.8069,0.565,0.7924
0x25dbe8eebd9bbc9a,4,0.5061,0.8171,0.5487,0.7967
0x25dbe8eebd9bbc9a,5,0.5063,0.8153,0.5414,0.7996
0x25dbe8eebd9bbc9a,6,0.5016,0.8162,0.532,0.8028
0x25dbe8eebd9bbc9a,7,0.4953,0.8179,0.53,0.8048
0x25dbe8eebd9bbc9a,8,0.4984,0.8166,0.5229,0.808
0x25dbe8eebd9bbc9a,9,0.4909,0.8185,0.5212,0.8084
0x25dbe8eebd9bbc9a,10,0.4887,0.8198,0.5193,0.8086
0x5dcac4d669f17209,1,0.5806,0.7946,0.9983,0.6466
0x5dcac4d669f17209,2,0.5368,0.8058,0.6657,0.7616
0x5dcac4d669f17209,3,0.5174,0.8099,0.6252,0.7789
0x5dcac4d669f17209,4,0.5114,0.8141,0.6013,0.7856
0x5dcac4d669f17209,5,0.5072,0.8139,0.5888,0.7915
0x5dcac4d669f17209,6,0.4972,0.8161,0.58,0.7945
0x5dcac4d669f17209,7,0.4974,0.8162,0.5713,0.7979
0x5dcac4d669f17209,8,0.4905,0.818,0.5644,0.7983
0x5dcac4d669f17209,9,0.4913,0.8169,0.5588,0.8004
0x5dcac4d669f17209,10,0.4871,0.8201,0.5562,0.8031
0x23374cb5f64420fc,1,0.6175,0.7771,1.0283,0.6369
0x23374cb5f64420fc,2,0.5625,0.7979,0.7022,0.7455
0x23374cb5f64420fc,3,0.5462,0.8033,0.6578,0.7614
0x23374cb5f64420fc,4,0.5385,0.8078,0.6363,0.7693
0x23374cb5f64420fc,5,0.53,0.8077,0.6207,0.7761
0x23374cb5f64420fc,6,0.5232,0.8104,0.6093,0.7789
0x23374cb5f64420fc,7,0.5207,0.8096,0.6016,0.7821
0x23374cb5f64420fc,8,0.5179,0.8085,0.5953,0.7847
0x23374cb5f64420fc,9,0.5137,0.8101,0.5911,0.7867
0x23374cb5f64420fc,10,0.5148,0.8094,0.5853,0.7886
0x76397eed30ef3136,1,0.5477,0.7966,0.6905,0.751
0x76397eed30ef3136,2,0.5293,0.808,0.593,0.7846
0x76397eed30ef3136,3,0.5121,0.8129,0.571,0.7911
0x76397eed30ef3136,4,0.5128,0.8096,0.5582,0.7937
0x76397eed30ef3136,5,0.5154,0.8104,0.5538,0.7959
0x76397eed30ef3136,6,0.5254,0.7987,0.5486,0.7992
0x76397eed30ef3136,7,0.5081,0.8147,0.5486,0.7983
0x76397eed30ef3136,8,0.5053,0.8086,0.5413,0.8014
0x76397eed30ef3136,9,0.5039,0.8124,0.5406,0.8021
0x76397eed30ef3136,10,0.4968,0.8174,0.5393,0.8018
0xa1a0938e1230e1,1,0.6998,0.7683,1.0771,0.6556
0xa1a0938e1230e1,2,0.6175,0.7843,0.689,0.7587
0xa1a0938e1230e1,3,0.581,0.7911,0.6312,0.7725
0xa1a0938e1230e1,4,0.5607,0.7986,0.597,0.7815
0xa1a0938e1230e1,5,0.5463,0.8035,0.5786,0.7876
0xa1a0938e1230e1,6,0.5352,0.8059,0.5657,0.7919
0xa1a0938e1230e1,7,0.5276,0.808,0.5565,0.7939
0xa1a0938e1230e1,8,0.5239,0.8069,0.5485,0.7968
0xa1a0938e1230e1,9,0.5176,0.8101,0.5416,0.8006
0xa1a0938e1230e1,10,0.5142,0.8088,0.5351,0.8021
0x6b0cf668a95bf04e,1,0.6855,0.7652,1.13,0.6303
0x6b0cf668a95bf04e,2,0.6083,0.7846,0.7406,0.7406
0x6b0cf668a95bf04e,3,0.5771,0.7923,0.678,0.7587
0x6b0cf668a95bf04e,4,0.5613,0.8002,0.649,0.7679
0x6b0cf668a95bf04e,5,0.5506,0.8029,0.6322,0.7737
0x6b0cf668a95bf04e,6,0.5454,0.8046,0.6244,0.7782
0x6b0cf668a95bf04e,7,0.5378,0.8081,0.6151,0.7804
0x6b0cf668a95bf04e,8,0.5327,0.8081,0.6069,0.7834
0x6b0cf668a95bf04e,9,0.5325,0.8071,0.6001,0.7838
0x6b0cf668a95bf04e,10,0.5291,0.8089,0.5984,0.7877
0x1ddfe7c83f92828d,1,0.5861,0.7919,0.7282,0.7609
0x1ddfe7c83f92828d,2,0.5483,0.8071,0.5674,0.7958
0x1ddfe7c83f92828d,3,0.5315,0.8074,0.545,0.8022
0x1ddfe7c83f92828d,4,0.516,0.8149,0.5322,0.8043
0x1ddfe7c83f92828d,5,0.5146,0.8106,0.5233,0.8062
0x1ddfe7c83f92828d,6,0.5067,0.8192,0.5172,0.8095
0x1ddfe7c83f92828d,7,0.5069,0.8166,0.5115,0.8095
0x1ddfe7c83f92828d,8,0.499,0.8194,0.5085,0.8113
0x1ddfe7c83f92828d,9,0.4982,0.8196,0.5061,0.8115
0x1ddfe7c83f92828d,10,0.4939,0.8213,0.5015,0.8131
0x20e0ab88f2e1cc69,1,0.5564,0.7973,0.7705,0.7275
0x20e0ab88f2e1cc69,2,0.5333,0.8004,0.5997,0.7889
0x20e0ab88f2e1cc69,3,0.5089,0.8164,0.5782,0.794
0x20e0ab88f2e1cc69,4,0.4991,0.8189,0.5637,0.7998
0x20e0ab88f2e1cc69,5,0.5081,0.8146,0.5532,0.8024
0x20e0ab88f2e1cc69,6,0.4937,0.8147,0.5522,0.8032
0x20e0ab88f2e1cc69,7,0.4923,0.8202,0.5463,0.8056
0x20e0ab88f2e1cc69,8,0.4959,0.8174,0.542,0.8072
0x20e0ab88f2e1cc69,9,0.4898,0.8171,0.5391,0.8064
0x20e0ab88f2e1cc69,10,0.4836,0.8239,0.5374,0.8085
